<?xml version="1.0" encoding="UTF-8"?>
<!-- Generated by org.testng.reporters.JUnitXMLReporter -->
<testsuite ignored="0" hostname="DESKTOP-9GN9S89" failures="0" tests="8" name="calc" time="39.248" errors="0" timestamp="2019-10-19T15:51:23 EDT">
  <testcase classname="Testng.myFirstTestNGSuits" name="testDivison" time="0.015"/>
  <testcase classname="Testng.myFirstTestNGSuits" name="testEqual" time="0.007"/>
  <testcase classname="Testng.myFirstTestNGSuits" name="testMethod" time="0.002"/>
  <testcase classname="Testng.myFirstTestNGSuits" name="testMethod" time="0.02"/>
  <testcase classname="Testng.myFirstTestNGSuits" name="testMethod" time="0.002"/>
  <testcase classname="Testng.myFirstTestNGSuits" name="testMethod" time="0.005"/>
  <testcase classname="Testng.myFirstTestNGSuits" name="testMethod" time="0.006"/>
  <testcase classname="Testng.myFirstTestNGSuits" name="testSum" time="24.975"/>
</testsuite> <!-- calc -->
