<?xml version="1.0" encoding="UTF-8"?>
<testng-results ignored="0" total="8" passed="8" failed="0" skipped="0">
  <reporter-output>
  </reporter-output>
  <suite started-at="2019-10-19T15:50:44 EDT" name="simple_suite" finished-at="2019-10-19T15:51:23 EDT" duration-ms="39248">
    <groups>
    </groups>
    <test started-at="2019-10-19T15:50:44 EDT" name="calc" finished-at="2019-10-19T15:51:23 EDT" duration-ms="39248">
      <class name="Testng.myFirstTestNGSuits">
        <test-method is-config="true" signature="beforeEachTest()[pri:0, instance:Testng.myFirstTestNGSuits@27ae2fd0]" started-at="2019-10-19T15:50:44 EDT" name="beforeEachTest" finished-at="2019-10-19T15:50:58 EDT" duration-ms="14074" status="PASS">
          <reporter-output>
          </reporter-output>
        </test-method> <!-- beforeEachTest -->
        <test-method is-config="true" signature="initCalculator()[pri:0, instance:Testng.myFirstTestNGSuits@27ae2fd0]" started-at="2019-10-19T15:50:58 EDT" name="initCalculator" finished-at="2019-10-19T15:50:58 EDT" duration-ms="1" status="PASS">
          <reporter-output>
          </reporter-output>
        </test-method> <!-- initCalculator -->
        <test-method signature="testDivison()[pri:0, instance:Testng.myFirstTestNGSuits@27ae2fd0]" started-at="2019-10-19T15:50:58 EDT" name="testDivison" finished-at="2019-10-19T15:50:58 EDT" duration-ms="15" status="PASS">
          <reporter-output>
          </reporter-output>
        </test-method> <!-- testDivison -->
        <test-method signature="testEqual()[pri:0, instance:Testng.myFirstTestNGSuits@27ae2fd0]" started-at="2019-10-19T15:50:58 EDT" name="testEqual" finished-at="2019-10-19T15:50:58 EDT" duration-ms="7" status="PASS">
          <reporter-output>
          </reporter-output>
        </test-method> <!-- testEqual -->
        <test-method signature="testMethod(java.lang.String)[pri:0, instance:Testng.myFirstTestNGSuits@27ae2fd0]" started-at="2019-10-19T15:50:58 EDT" name="testMethod" data-provider="data-provider" finished-at="2019-10-19T15:50:58 EDT" duration-ms="2" status="PASS">
          <params>
            <param index="0">
              <value>
                <![CDATA[data one]]>
              </value>
            </param>
          </params>
          <reporter-output>
          </reporter-output>
        </test-method> <!-- testMethod -->
        <test-method signature="testMethod(java.lang.String)[pri:0, instance:Testng.myFirstTestNGSuits@27ae2fd0]" started-at="2019-10-19T15:50:58 EDT" name="testMethod" data-provider="data-provider" finished-at="2019-10-19T15:50:58 EDT" duration-ms="20" status="PASS">
          <params>
            <param index="0">
              <value>
                <![CDATA[data two]]>
              </value>
            </param>
          </params>
          <reporter-output>
          </reporter-output>
        </test-method> <!-- testMethod -->
        <test-method signature="testMethod(java.lang.String)[pri:0, instance:Testng.myFirstTestNGSuits@27ae2fd0]" started-at="2019-10-19T15:50:58 EDT" name="testMethod" data-provider="data-provider" finished-at="2019-10-19T15:50:58 EDT" duration-ms="2" status="PASS">
          <params>
            <param index="0">
              <value>
                <![CDATA[data three]]>
              </value>
            </param>
          </params>
          <reporter-output>
          </reporter-output>
        </test-method> <!-- testMethod -->
        <test-method signature="testMethod(java.lang.String)[pri:0, instance:Testng.myFirstTestNGSuits@27ae2fd0]" started-at="2019-10-19T15:50:58 EDT" name="testMethod" data-provider="data-provider" finished-at="2019-10-19T15:50:58 EDT" duration-ms="5" status="PASS">
          <params>
            <param index="0">
              <value>
                <![CDATA[data 4]]>
              </value>
            </param>
          </params>
          <reporter-output>
          </reporter-output>
        </test-method> <!-- testMethod -->
        <test-method signature="testMethod(java.lang.String)[pri:0, instance:Testng.myFirstTestNGSuits@27ae2fd0]" started-at="2019-10-19T15:50:58 EDT" name="testMethod" data-provider="data-provider" finished-at="2019-10-19T15:50:58 EDT" duration-ms="6" status="PASS">
          <params>
            <param index="0">
              <value>
                <![CDATA[data 5]]>
              </value>
            </param>
          </params>
          <reporter-output>
          </reporter-output>
        </test-method> <!-- testMethod -->
        <test-method signature="testSum(java.lang.String, java.lang.String)[pri:0, instance:Testng.myFirstTestNGSuits@27ae2fd0]" started-at="2019-10-19T15:50:58 EDT" name="testSum" finished-at="2019-10-19T15:51:23 EDT" duration-ms="24975" status="PASS">
          <params>
            <param index="0">
              <value>
                <![CDATA[\w+@\w+\.\w{3}]]>
              </value>
            </param>
            <param index="1">
              <value>
                <![CDATA[[^ ]*$]]>
              </value>
            </param>
          </params>
          <reporter-output>
          </reporter-output>
        </test-method> <!-- testSum -->
      </class> <!-- Testng.myFirstTestNGSuits -->
    </test> <!-- calc -->
  </suite> <!-- simple_suite -->
</testng-results>
